<?xml version="1.0" encoding="UTF-8"?>
<!-- Generated by org.testng.reporters.JUnitXMLReporter -->
<testsuite ignored="0" hostname="DESKTOP-PGO8TV6" failures="0" tests="9" name="REST APIs" time="31.712" errors="0" timestamp="2024-01-22T20:15:46 IST">
  <testcase classname="com.simplilearn.resttesting.GetRequestTest" name="getRequestTest" time="16.954"/>
  <testcase classname="com.simplilearn.resttesting.GetRequestTest" name="getRequestWithQueryParmsTest" time="1.13"/>
  <testcase classname="com.simplilearn.resttesting.GetRequestTest" name="getRequestWithUserIdTest" time="1.036"/>
  <testcase classname="com.simplilearn.resttesting.PostRequestTest" name="postRequestTest" time="5.152"/>
  <testcase classname="com.simplilearn.resttesting.PutRequestTest" name="putRequestTest" time="2.244"/>
  <testcase classname="com.simplilearn.resttesting.PatchRequestTest" name="putRequestTest" time="1.914"/>
  <testcase classname="com.simplilearn.resttesting.DeleteRequestTest" name="putRequestTest" time="0.94"/>
  <testcase classname="com.simplilearn.resttesting.DeleteRequestTest" name="putRequestTest" time="0.943"/>
  <testcase classname="com.simplilearn.resttesting.DeleteRequestTest" name="putRequestTest" time="0.937"/>
</testsuite> <!-- REST APIs -->
