<?xml version="1.0" encoding="UTF-8"?>
<!-- Generated by org.testng.reporters.JUnitXMLReporter -->
<testsuite ignored="0" hostname="DESKTOP-PGO8TV6" failures="0" tests="9" name="REST APIs" time="29.758" errors="0" timestamp="2024-01-20T11:58:40 IST">
  <testcase classname="com.simplilearn.resttesting.GetRequestTest" name="getRequestTest" time="18.469"/>
  <testcase classname="com.simplilearn.resttesting.GetRequestTest" name="getRequestWithQueryParmsTest" time="1.64"/>
  <testcase classname="com.simplilearn.resttesting.GetRequestTest" name="getRequestWithUserIdTest" time="0.879"/>
  <testcase classname="com.simplilearn.resttesting.PostRequestTest" name="postRequestTest" time="3.47"/>
  <testcase classname="com.simplilearn.resttesting.PutRequestTest" name="putRequestTest" time="1.454"/>
  <testcase classname="com.simplilearn.resttesting.PatchRequestTest" name="putRequestTest" time="1.475"/>
  <testcase classname="com.simplilearn.resttesting.DeleteRequestTest" name="putRequestTest" time="0.658"/>
  <testcase classname="com.simplilearn.resttesting.DeleteRequestTest" name="putRequestTest" time="0.692"/>
  <testcase classname="com.simplilearn.resttesting.DeleteRequestTest" name="putRequestTest" time="0.636"/>
</testsuite> <!-- REST APIs -->
