<?xml version="1.0" encoding="UTF-8"?>
<!-- Generated by org.testng.reporters.JUnitXMLReporter -->
<testsuite ignored="0" hostname="DESKTOP-PGO8TV6" failures="0" tests="5" name="REST Auth" time="8.549" errors="0" timestamp="2024-01-20T11:58:57 IST">
  <testcase classname="com.simplilearn.authtest.AuthenticationTest" name="testAuthenticationToken" time="2.277"/>
  <testcase classname="com.simplilearn.authtest.OauthAuthenticationTest" name="testAuthenticationBasedOnCredsToken" time="2.515"/>
  <testcase classname="com.simplilearn.authtest.OauthAuthenticationTest" name="testAuthenticationToken" time="1.923"/>
  <testcase classname="com.simplilearn.authtest.SSLAuthenticationTest" name="testSSLCertificate1" time="0.908"/>
  <testcase classname="com.simplilearn.authtest.SSLAuthenticationTest" name="testSSLCertificate2" time="0.896"/>
</testsuite> <!-- REST Auth -->
