<?xml version="1.0" encoding="UTF-8"?>
<!-- Generated by org.testng.reporters.JUnitXMLReporter -->
<testsuite ignored="0" hostname="DESKTOP-PGO8TV6" failures="0" tests="5" name="REST Auth" time="8.945" errors="0" timestamp="2024-01-22T20:16:05 IST">
  <testcase classname="com.simplilearn.authtest.AuthenticationTest" name="testAuthenticationToken" time="1.937"/>
  <testcase classname="com.simplilearn.authtest.OauthAuthenticationTest" name="testAuthenticationBasedOnCredsToken" time="2.08"/>
  <testcase classname="com.simplilearn.authtest.OauthAuthenticationTest" name="testAuthenticationToken" time="2.405"/>
  <testcase classname="com.simplilearn.authtest.SSLAuthenticationTest" name="testSSLCertificate1" time="1.411"/>
  <testcase classname="com.simplilearn.authtest.SSLAuthenticationTest" name="testSSLCertificate2" time="1.058"/>
</testsuite> <!-- REST Auth -->
