<?xml version="1.0" encoding="UTF-8"?>
<!-- Generated by org.testng.reporters.JUnitXMLReporter -->
<testsuite ignored="0" hostname="DESKTOP-PGO8TV6" failures="0" tests="6" name="SOAP APIs" time="9.93" errors="0" timestamp="2024-01-22T20:15:56 IST">
  <testcase classname="com.simplilearn.soaptesting.GetCapitalByCountryCodeTest" name="postXMLRequestTest" time="1.468"/>
  <testcase classname="com.simplilearn.soaptesting.GetCapitalByCountryCodeTest" name="postXMLRequestTest" time="1.484"/>
  <testcase classname="com.simplilearn.soaptesting.GetCapitalByCountryCodeTest" name="postXMLRequestTest" time="0.918"/>
  <testcase classname="com.simplilearn.soaptesting.GetCapitalByCountryCodeTest" name="postXMLRequestTest" time="0.899"/>
  <testcase classname="com.simplilearn.soaptesting.NumberToWordConversion" name="postXMLRequestTest" time="3.964"/>
  <testcase classname="com.simplilearn.soaptesting.ListOfCountriesWithCountryCodeTest" name="testListOfCountriesWithCountryCode" time="1.157"/>
</testsuite> <!-- SOAP APIs -->
