<?xml version="1.0" encoding="UTF-8"?>
<!-- Generated by org.testng.reporters.JUnitXMLReporter -->
<testsuite ignored="0" hostname="DESKTOP-PGO8TV6" failures="0" tests="5" name="SOAP APIs" time="7.391" errors="0" timestamp="2024-01-20T11:58:48 IST">
  <testcase classname="com.simplilearn.soaptesting.GetCapitalByCountryCodeTest" name="postXMLRequestTest" time="1.188"/>
  <testcase classname="com.simplilearn.soaptesting.GetCapitalByCountryCodeTest" name="postXMLRequestTest" time="0.943"/>
  <testcase classname="com.simplilearn.soaptesting.GetCapitalByCountryCodeTest" name="postXMLRequestTest" time="0.883"/>
  <testcase classname="com.simplilearn.soaptesting.GetCapitalByCountryCodeTest" name="postXMLRequestTest" time="0.876"/>
  <testcase classname="com.simplilearn.soaptesting.NumberToWordConversion" name="postXMLRequestTest" time="3.458"/>
</testsuite> <!-- SOAP APIs -->
