<?xml version="1.0" encoding="UTF-8"?>
<testsuite name="REST APIs"
           tests="3"
           failures="0"
           errors="0"
           skipped="0"
           time="2.820">
  <properties />
  
  
            <testcase name="putRequestTest" time="0.940" classname="com.simplilearn.resttesting.DeleteRequestTest" />
                <testcase name="putRequestTest" time="0.943" classname="com.simplilearn.resttesting.DeleteRequestTest" />
                <testcase name="putRequestTest" time="0.937" classname="com.simplilearn.resttesting.DeleteRequestTest" />
      
</testsuite>
