<?xml version="1.0" encoding="UTF-8"?>
<testsuite name="REST Auth"
           tests="2"
           failures="0"
           errors="0"
           skipped="0"
           time="4.485">
  <properties />
  
  
            <testcase name="testAuthenticationBasedOnCredsToken" time="2.080" classname="com.simplilearn.authtest.OauthAuthenticationTest" />
                <testcase name="testAuthenticationToken" time="2.405" classname="com.simplilearn.authtest.OauthAuthenticationTest" />
      
</testsuite>
