<?xml version="1.0" encoding="UTF-8"?>
<testsuite name="SOAP APIs"
           tests="4"
           failures="0"
           errors="0"
           skipped="0"
           time="3.890">
  <properties />
  
  
            <testcase name="postXMLRequestTest" time="0.943" classname="com.simplilearn.soaptesting.GetCapitalByCountryCodeTest" />
                <testcase name="postXMLRequestTest" time="0.876" classname="com.simplilearn.soaptesting.GetCapitalByCountryCodeTest" />
                <testcase name="postXMLRequestTest" time="0.883" classname="com.simplilearn.soaptesting.GetCapitalByCountryCodeTest" />
                <testcase name="postXMLRequestTest" time="1.188" classname="com.simplilearn.soaptesting.GetCapitalByCountryCodeTest" />
      
</testsuite>
