<?xml version="1.0" encoding="UTF-8"?>
<testsuite name="REST APIs"
           tests="3"
           failures="0"
           errors="0"
           skipped="0"
           time="19.120">
  <properties />
  
  
            <testcase name="getRequestWithQueryParmsTest" time="1.130" classname="com.simplilearn.resttesting.GetRequestTest" />
                <testcase name="getRequestWithUserIdTest" time="1.036" classname="com.simplilearn.resttesting.GetRequestTest" />
                <testcase name="getRequestTest" time="16.954" classname="com.simplilearn.resttesting.GetRequestTest" />
      
</testsuite>
