<?xml version="1.0" encoding="UTF-8"?>
<testng-results ignored="0" total="20" passed="20" failed="0" skipped="0">
  <reporter-output>
  </reporter-output>
  <suite started-at="2024-01-22T20:15:14 IST" name="RestAssured Test" finished-at="2024-01-22T20:16:05 IST" duration-ms="50941">
    <groups>
    </groups>
    <test started-at="2024-01-22T20:15:14 IST" name="REST APIs" finished-at="2024-01-22T20:15:46 IST" duration-ms="31712">
      <class name="com.simplilearn.resttesting.DeleteRequestTest">
        <test-method signature="putRequestTest(int)[pri:0, instance:com.simplilearn.resttesting.DeleteRequestTest@c667f46]" started-at="2024-01-22T20:15:43 IST" name="putRequestTest" description="Test for executing DELETE request using rest assured" data-provider="deleteUserRestAssured" finished-at="2024-01-22T20:15:44 IST" duration-ms="940" status="PASS">
          <params>
            <param index="0">
              <value>
                <![CDATA[2]]>
              </value>
            </param>
          </params>
          <reporter-output>
          </reporter-output>
        </test-method> <!-- putRequestTest -->
        <test-method signature="putRequestTest(int)[pri:0, instance:com.simplilearn.resttesting.DeleteRequestTest@c667f46]" started-at="2024-01-22T20:15:44 IST" name="putRequestTest" description="Test for executing DELETE request using rest assured" data-provider="deleteUserRestAssured" finished-at="2024-01-22T20:15:45 IST" duration-ms="943" status="PASS">
          <params>
            <param index="0">
              <value>
                <![CDATA[7]]>
              </value>
            </param>
          </params>
          <reporter-output>
          </reporter-output>
        </test-method> <!-- putRequestTest -->
        <test-method signature="putRequestTest(int)[pri:0, instance:com.simplilearn.resttesting.DeleteRequestTest@c667f46]" started-at="2024-01-22T20:15:45 IST" name="putRequestTest" description="Test for executing DELETE request using rest assured" data-provider="deleteUserRestAssured" finished-at="2024-01-22T20:15:46 IST" duration-ms="937" status="PASS">
          <params>
            <param index="0">
              <value>
                <![CDATA[11]]>
              </value>
            </param>
          </params>
          <reporter-output>
          </reporter-output>
        </test-method> <!-- putRequestTest -->
      </class> <!-- com.simplilearn.resttesting.DeleteRequestTest -->
      <class name="com.simplilearn.resttesting.PostRequestTest">
        <test-method signature="postRequestTest()[pri:0, instance:com.simplilearn.resttesting.PostRequestTest@13d9cbf5]" started-at="2024-01-22T20:15:33 IST" name="postRequestTest" description="Test for executing POST request using rest assured" finished-at="2024-01-22T20:15:39 IST" duration-ms="5152" status="PASS">
          <reporter-output>
          </reporter-output>
        </test-method> <!-- postRequestTest -->
      </class> <!-- com.simplilearn.resttesting.PostRequestTest -->
      <class name="com.simplilearn.resttesting.PatchRequestTest">
        <test-method signature="putRequestTest()[pri:0, instance:com.simplilearn.resttesting.PatchRequestTest@6ca18a14]" started-at="2024-01-22T20:15:41 IST" name="putRequestTest" description="Test for executing PATCH request test using rest assured" finished-at="2024-01-22T20:15:43 IST" duration-ms="1914" status="PASS">
          <reporter-output>
          </reporter-output>
        </test-method> <!-- putRequestTest -->
      </class> <!-- com.simplilearn.resttesting.PatchRequestTest -->
      <class name="com.simplilearn.resttesting.GetRequestTest">
        <test-method signature="getRequestTest()[pri:0, instance:com.simplilearn.resttesting.GetRequestTest@33f676f6]" started-at="2024-01-22T20:15:14 IST" name="getRequestTest" description="Test for executing GET request using rest assured" finished-at="2024-01-22T20:15:31 IST" duration-ms="16954" status="PASS">
          <reporter-output>
          </reporter-output>
        </test-method> <!-- getRequestTest -->
        <test-method signature="getRequestWithQueryParmsTest()[pri:0, instance:com.simplilearn.resttesting.GetRequestTest@33f676f6]" started-at="2024-01-22T20:15:31 IST" name="getRequestWithQueryParmsTest" description="Test for executing GET request using query parms" finished-at="2024-01-22T20:15:32 IST" duration-ms="1130" status="PASS">
          <reporter-output>
          </reporter-output>
        </test-method> <!-- getRequestWithQueryParmsTest -->
        <test-method signature="getRequestWithUserIdTest()[pri:0, instance:com.simplilearn.resttesting.GetRequestTest@33f676f6]" started-at="2024-01-22T20:15:32 IST" name="getRequestWithUserIdTest" description="Test for executing GET /users request with userId" finished-at="2024-01-22T20:15:33 IST" duration-ms="1036" status="PASS">
          <reporter-output>
          </reporter-output>
        </test-method> <!-- getRequestWithUserIdTest -->
      </class> <!-- com.simplilearn.resttesting.GetRequestTest -->
      <class name="com.simplilearn.resttesting.PutRequestTest">
        <test-method signature="putRequestTest()[pri:0, instance:com.simplilearn.resttesting.PutRequestTest@478db956]" started-at="2024-01-22T20:15:39 IST" name="putRequestTest" description="Test for executing PUT request using rest assured" finished-at="2024-01-22T20:15:41 IST" duration-ms="2244" status="PASS">
          <reporter-output>
          </reporter-output>
        </test-method> <!-- putRequestTest -->
      </class> <!-- com.simplilearn.resttesting.PutRequestTest -->
    </test> <!-- REST APIs -->
    <test started-at="2024-01-22T20:15:46 IST" name="SOAP APIs" finished-at="2024-01-22T20:15:56 IST" duration-ms="9930">
      <class name="com.simplilearn.soaptesting.GetCapitalByCountryCodeTest">
        <test-method signature="postXMLRequestTest(java.lang.String)[pri:0, instance:com.simplilearn.soaptesting.GetCapitalByCountryCodeTest@895e367]" started-at="2024-01-22T20:15:46 IST" name="postXMLRequestTest" description="Test POST for country capital using XML" data-provider="countryCodes" finished-at="2024-01-22T20:15:47 IST" duration-ms="1468" status="PASS">
          <params>
            <param index="0">
              <value>
                <![CDATA[IN]]>
              </value>
            </param>
          </params>
          <reporter-output>
          </reporter-output>
        </test-method> <!-- postXMLRequestTest -->
        <test-method signature="postXMLRequestTest(java.lang.String)[pri:0, instance:com.simplilearn.soaptesting.GetCapitalByCountryCodeTest@895e367]" started-at="2024-01-22T20:15:47 IST" name="postXMLRequestTest" description="Test POST for country capital using XML" data-provider="countryCodes" finished-at="2024-01-22T20:15:49 IST" duration-ms="1484" status="PASS">
          <params>
            <param index="0">
              <value>
                <![CDATA[US]]>
              </value>
            </param>
          </params>
          <reporter-output>
          </reporter-output>
        </test-method> <!-- postXMLRequestTest -->
        <test-method signature="postXMLRequestTest(java.lang.String)[pri:0, instance:com.simplilearn.soaptesting.GetCapitalByCountryCodeTest@895e367]" started-at="2024-01-22T20:15:49 IST" name="postXMLRequestTest" description="Test POST for country capital using XML" data-provider="countryCodes" finished-at="2024-01-22T20:15:50 IST" duration-ms="918" status="PASS">
          <params>
            <param index="0">
              <value>
                <![CDATA[CA]]>
              </value>
            </param>
          </params>
          <reporter-output>
          </reporter-output>
        </test-method> <!-- postXMLRequestTest -->
        <test-method signature="postXMLRequestTest(java.lang.String)[pri:0, instance:com.simplilearn.soaptesting.GetCapitalByCountryCodeTest@895e367]" started-at="2024-01-22T20:15:50 IST" name="postXMLRequestTest" description="Test POST for country capital using XML" data-provider="countryCodes" finished-at="2024-01-22T20:15:51 IST" duration-ms="899" status="PASS">
          <params>
            <param index="0">
              <value>
                <![CDATA[ML]]>
              </value>
            </param>
          </params>
          <reporter-output>
          </reporter-output>
        </test-method> <!-- postXMLRequestTest -->
      </class> <!-- com.simplilearn.soaptesting.GetCapitalByCountryCodeTest -->
      <class name="com.simplilearn.soaptesting.ListOfCountriesWithCountryCodeTest">
        <test-method signature="testListOfCountriesWithCountryCode()[pri:0, instance:com.simplilearn.soaptesting.ListOfCountriesWithCountryCodeTest@7a3793c7]" started-at="2024-01-22T20:15:55 IST" name="testListOfCountriesWithCountryCode" description="Test List of Countries with country code" finished-at="2024-01-22T20:15:56 IST" duration-ms="1157" status="PASS">
          <reporter-output>
          </reporter-output>
        </test-method> <!-- testListOfCountriesWithCountryCode -->
      </class> <!-- com.simplilearn.soaptesting.ListOfCountriesWithCountryCodeTest -->
      <class name="com.simplilearn.soaptesting.NumberToWordConversion">
        <test-method signature="postXMLRequestTest()[pri:0, instance:com.simplilearn.soaptesting.NumberToWordConversion@1b266842]" started-at="2024-01-22T20:15:51 IST" name="postXMLRequestTest" description="Test POST for Number conversion using XML" finished-at="2024-01-22T20:15:55 IST" duration-ms="3964" status="PASS">
          <reporter-output>
          </reporter-output>
        </test-method> <!-- postXMLRequestTest -->
      </class> <!-- com.simplilearn.soaptesting.NumberToWordConversion -->
    </test> <!-- SOAP APIs -->
    <test started-at="2024-01-22T20:15:56 IST" name="REST Auth" finished-at="2024-01-22T20:16:05 IST" duration-ms="8945">
      <class name="com.simplilearn.authtest.SSLAuthenticationTest">
        <test-method signature="testSSLCertificate1()[pri:0, instance:com.simplilearn.authtest.SSLAuthenticationTest@6736fa8d]" started-at="2024-01-22T20:16:02 IST" name="testSSLCertificate1" description="Test SSL Certificate for HTTPs" finished-at="2024-01-22T20:16:04 IST" duration-ms="1411" status="PASS">
          <reporter-output>
          </reporter-output>
        </test-method> <!-- testSSLCertificate1 -->
        <test-method signature="testSSLCertificate2()[pri:0, instance:com.simplilearn.authtest.SSLAuthenticationTest@6736fa8d]" started-at="2024-01-22T20:16:04 IST" name="testSSLCertificate2" description="Test SSL Certificate ignore for HTTP" finished-at="2024-01-22T20:16:05 IST" duration-ms="1058" status="PASS">
          <reporter-output>
          </reporter-output>
        </test-method> <!-- testSSLCertificate2 -->
      </class> <!-- com.simplilearn.authtest.SSLAuthenticationTest -->
      <class name="com.simplilearn.authtest.AuthenticationTest">
        <test-method signature="testAuthenticationToken()[pri:0, instance:com.simplilearn.authtest.AuthenticationTest@39d76cb5]" started-at="2024-01-22T20:15:56 IST" name="testAuthenticationToken" description="Test Authentication with rest assured" finished-at="2024-01-22T20:15:58 IST" duration-ms="1937" status="PASS">
          <reporter-output>
          </reporter-output>
        </test-method> <!-- testAuthenticationToken -->
      </class> <!-- com.simplilearn.authtest.AuthenticationTest -->
      <class name="com.simplilearn.authtest.OauthAuthenticationTest">
        <test-method signature="testAuthenticationBasedOnCredsToken()[pri:0, instance:com.simplilearn.authtest.OauthAuthenticationTest@4a00d9cf]" started-at="2024-01-22T20:15:58 IST" name="testAuthenticationBasedOnCredsToken" description="Test Login user and get token" finished-at="2024-01-22T20:16:00 IST" duration-ms="2080" status="PASS">
          <reporter-output>
          </reporter-output>
        </test-method> <!-- testAuthenticationBasedOnCredsToken -->
        <test-method signature="testAuthenticationToken()[pri:0, instance:com.simplilearn.authtest.OauthAuthenticationTest@4a00d9cf]" started-at="2024-01-22T20:16:00 IST" name="testAuthenticationToken" description="Get current auth user from token" finished-at="2024-01-22T20:16:02 IST" duration-ms="2405" status="PASS">
          <reporter-output>
          </reporter-output>
        </test-method> <!-- testAuthenticationToken -->
      </class> <!-- com.simplilearn.authtest.OauthAuthenticationTest -->
    </test> <!-- REST Auth -->
  </suite> <!-- RestAssured Test -->
</testng-results>
